<?xml version="1.0" encoding="UTF-8"?>
<testng-results ignored="0" total="1" passed="1" failed="0" skipped="0">
  <reporter-output>
  </reporter-output>
  <suite started-at="2021-06-22T14:42:39 CDT" name="Default suite" finished-at="2021-06-22T14:42:39 CDT" duration-ms="37">
    <groups>
    </groups>
    <test started-at="2021-06-22T14:42:39 CDT" name="Default test" finished-at="2021-06-22T14:42:39 CDT" duration-ms="37">
      <class name="test1">
        <test-method signature="test()[pri:0, instance:test1@4470f8a6]" started-at="2021-06-22T14:42:39 CDT" name="test" finished-at="2021-06-22T14:42:39 CDT" duration-ms="7" status="PASS">
          <reporter-output>
          </reporter-output>
        </test-method> <!-- test -->
      </class> <!-- test1 -->
    </test> <!-- Default test -->
  </suite> <!-- Default suite -->
</testng-results>
