<?xml version="1.0" encoding="UTF-8"?>
<!-- Generated by org.testng.reporters.JUnitXMLReporter -->
<testsuite ignored="0" hostname="RJRyzen" failures="0" tests="5" name="Default test" time="0.041" errors="0" timestamp="2021-06-29T15:44:40 CDT">
  <testcase classname="test1" name="negativeTest" time="0.009"/>
  <testcase classname="test1" name="negativeTest2" time="0.001"/>
  <testcase classname="test1" name="positiveTest" time="0.0"/>
  <testcase classname="test1" name="positiveTest2" time="0.001"/>
  <testcase classname="test1" name="test" time="0.0"/>
</testsuite> <!-- Default test -->
