<?xml version="1.0" encoding="UTF-8"?>
<!-- Generated by org.testng.reporters.JUnitXMLReporter -->
<testsuite ignored="3" hostname="RJRyzen" failures="0" tests="2" name="GRP-negative" time="0.037" errors="0" timestamp="2021-06-28T17:24:23 CDT">
  <testcase classname="test1" name="negativeTest" time="0.008"/>
  <testcase classname="test1" name="negativeTest2" time="0.001"/>
  <testcase classname="test1" name="test" time="0.0">
    <ignored/>
  </testcase> <!-- test -->
  <testcase classname="test1" name="positiveTest" time="0.0">
    <ignored/>
  </testcase> <!-- positiveTest -->
  <testcase classname="test1" name="positiveTest2" time="0.0">
    <ignored/>
  </testcase> <!-- positiveTest2 -->
</testsuite> <!-- GRP-negative -->
